2026-03-26 02:31:00 [[33mwarn[39m]: MongoDB disconnected
2026-03-26 02:36:15 [[33mwarn[39m]: MongoDB disconnected
2026-03-26 02:41:46 [[33mwarn[39m]: MongoDB disconnected
2026-03-26 02:42:21 [[33mwarn[39m]: MongoDB disconnected
2026-03-26 02:43:37 [[32minfo[39m]: MongoDB connected successfully
2026-03-26 02:43:37 [[32minfo[39m]: Firebase Admin initialized
2026-03-26 02:43:37 [[32minfo[39m]: 🚀 CarWash API running on port 3000 [development]
2026-03-26 02:43:37 [[32minfo[39m]: 📍 Health check: http://localhost:3000/health
2026-03-28 08:47:23 [[32minfo[39m]: MongoDB connected successfully
2026-03-28 08:47:23 [[32minfo[39m]: Firebase Admin initialized
2026-03-28 08:47:24 [[32minfo[39m]: 🚀 CarWash API running on port 3000 [development]
2026-03-28 08:47:24 [[32minfo[39m]: 📍 Health check: http://localhost:3000/health
2026-03-28 08:57:03 [[32minfo[39m]: MongoDB connected successfully
2026-03-28 08:57:03 [[32minfo[39m]: Firebase Admin initialized
2026-03-28 08:57:03 [[32minfo[39m]: 🚀 CarWash API running on port 3000 [development]
2026-03-28 08:57:03 [[32minfo[39m]: 📍 Health check: http://localhost:3000/health
2026-03-28 08:57:46 [[32minfo[39m]: MongoDB connected successfully
2026-03-28 08:57:46 [[32minfo[39m]: Firebase Admin initialized
2026-03-28 08:57:46 [[32minfo[39m]: 🚀 CarWash API running on port 3000 [development]
2026-03-28 08:57:46 [[32minfo[39m]: 📍 Health check: http://localhost:3000/health
2026-03-28 08:58:02 [[32minfo[39m]: MongoDB connected successfully
2026-03-28 08:58:02 [[32minfo[39m]: Firebase Admin initialized
2026-03-28 08:58:02 [[32minfo[39m]: 🚀 CarWash API running on port 3000 [development]
2026-03-28 08:58:02 [[32minfo[39m]: 📍 Health check: http://localhost:3000/health
2026-03-28 09:00:23 [[32minfo[39m]: MongoDB connected successfully
2026-03-28 09:00:23 [[32minfo[39m]: Firebase Admin initialized
2026-03-28 09:00:23 [[32minfo[39m]: 🚀 CarWash API running on port 3000 [development]
2026-03-28 09:00:23 [[32minfo[39m]: 📍 Health check: http://localhost:3000/health
2026-03-28 09:00:26 [[32minfo[39m]: MongoDB connected successfully
2026-03-28 09:00:26 [[32minfo[39m]: Firebase Admin initialized
2026-03-28 09:00:26 [[32minfo[39m]: 🚀 CarWash API running on port 3000 [development]
2026-03-28 09:00:26 [[32minfo[39m]: 📍 Health check: http://localhost:3000/health
2026-03-28 17:38:13 [[32minfo[39m]: MongoDB connected successfully
2026-03-28 17:38:14 [[32minfo[39m]: Firebase Admin initialized
2026-03-28 17:38:14 [[32minfo[39m]: 🚀 CarWash API running on port 3000 [development]
2026-03-28 17:38:14 [[32minfo[39m]: 📍 Health check: http://localhost:3000/health
2026-03-28 17:49:06 [[31merror[39m]: ValidationError: User validation failed: name: Path `name` is required., email: Path `email` is required.
    at model.Document.invalidate (D:\projects\glossplus-vendor\backend\node_modules\mongoose\lib\document.js:3381:32)
    at D:\projects\glossplus-vendor\backend\node_modules\mongoose\lib\document.js:3142:17
    at D:\projects\glossplus-vendor\backend\node_modules\mongoose\lib\schemaType.js:1446:9
    at processTicksAndRejections (node:internal/process/task_queues:85:11)
2026-03-28 17:49:06 [[31merror[39m]: ValidationError: User validation failed: name: Path `name` is required., email: Path `email` is required.
    at model.Document.invalidate (D:\projects\glossplus-vendor\backend\node_modules\mongoose\lib\document.js:3381:32)
    at D:\projects\glossplus-vendor\backend\node_modules\mongoose\lib\document.js:3142:17
    at D:\projects\glossplus-vendor\backend\node_modules\mongoose\lib\schemaType.js:1446:9
    at processTicksAndRejections (node:internal/process/task_queues:85:11)
2026-03-28 17:50:06 [[31merror[39m]: ValidationError: User validation failed: name: Path `name` is required., email: Path `email` is required.
    at model.Document.invalidate (D:\projects\glossplus-vendor\backend\node_modules\mongoose\lib\document.js:3381:32)
    at D:\projects\glossplus-vendor\backend\node_modules\mongoose\lib\document.js:3142:17
    at D:\projects\glossplus-vendor\backend\node_modules\mongoose\lib\schemaType.js:1446:9
    at processTicksAndRejections (node:internal/process/task_queues:85:11)
2026-03-28 17:54:14 [[31merror[39m]: ValidationError: User validation failed: name: Path `name` is required., email: Path `email` is required.
    at model.Document.invalidate (D:\projects\glossplus-vendor\backend\node_modules\mongoose\lib\document.js:3381:32)
    at D:\projects\glossplus-vendor\backend\node_modules\mongoose\lib\document.js:3142:17
    at D:\projects\glossplus-vendor\backend\node_modules\mongoose\lib\schemaType.js:1446:9
    at processTicksAndRejections (node:internal/process/task_queues:85:11)
2026-03-28 17:54:17 [[31merror[39m]: ValidationError: User validation failed: name: Path `name` is required., email: Path `email` is required.
    at model.Document.invalidate (D:\projects\glossplus-vendor\backend\node_modules\mongoose\lib\document.js:3381:32)
    at D:\projects\glossplus-vendor\backend\node_modules\mongoose\lib\document.js:3142:17
    at D:\projects\glossplus-vendor\backend\node_modules\mongoose\lib\schemaType.js:1446:9
    at processTicksAndRejections (node:internal/process/task_queues:85:11)
2026-03-28 17:54:17 [[31merror[39m]: ValidationError: User validation failed: name: Path `name` is required., email: Path `email` is required.
    at model.Document.invalidate (D:\projects\glossplus-vendor\backend\node_modules\mongoose\lib\document.js:3381:32)
    at D:\projects\glossplus-vendor\backend\node_modules\mongoose\lib\document.js:3142:17
    at D:\projects\glossplus-vendor\backend\node_modules\mongoose\lib\schemaType.js:1446:9
    at processTicksAndRejections (node:internal/process/task_queues:85:11)
2026-03-28 17:54:20 [[31merror[39m]: ValidationError: User validation failed: name: Path `name` is required., email: Path `email` is required.
    at model.Document.invalidate (D:\projects\glossplus-vendor\backend\node_modules\mongoose\lib\document.js:3381:32)
    at D:\projects\glossplus-vendor\backend\node_modules\mongoose\lib\document.js:3142:17
    at D:\projects\glossplus-vendor\backend\node_modules\mongoose\lib\schemaType.js:1446:9
    at processTicksAndRejections (node:internal/process/task_queues:85:11)
2026-03-28 17:56:39 [[32minfo[39m]: MongoDB connected successfully
2026-03-28 17:56:39 [[32minfo[39m]: Firebase Admin initialized
2026-03-28 17:56:39 [[32minfo[39m]: 🚀 CarWash API running on port 3000 [development]
2026-03-28 17:56:39 [[32minfo[39m]: 📍 Health check: http://localhost:3000/health
2026-03-28 17:57:20 [[31merror[39m]: Error: Error while making request: getaddrinfo ENOTFOUND www.googleapis.com. Error code: ENOTFOUND
    at FirebaseTokenVerifier.mapJwtErrorToAuthError (D:\projects\glossplus-vendor\backend\node_modules\firebase-admin\lib\auth\token-verifier.js:280:16)
    at D:\projects\glossplus-vendor\backend\node_modules\firebase-admin\lib\auth\token-verifier.js:252:24
    at processTicksAndRejections (node:internal/process/task_queues:104:5)
    at firebaseLogin (D:\projects\glossplus-vendor\backend\src\controllers\auth.controller.ts:15:21)
2026-03-28 18:04:41 [[32minfo[39m]: MongoDB connected successfully
2026-03-28 18:04:41 [[32minfo[39m]: Firebase Admin initialized
2026-03-28 18:04:41 [[32minfo[39m]: 🚀 CarWash API running on port 3000 [development]
2026-03-28 18:04:41 [[32minfo[39m]: 📍 Health check: http://localhost:3000/health
2026-03-29 01:03:43 [[32minfo[39m]: MongoDB connected successfully
2026-03-29 01:03:44 [[32minfo[39m]: Firebase Admin initialized
2026-03-29 01:03:44 [[32minfo[39m]: 🚀 CarWash API running on port 3000 [development]
2026-03-29 01:03:44 [[32minfo[39m]: 📍 Health check: http://localhost:3000/health
2026-03-29 01:05:35 [[32minfo[39m]: MongoDB connected successfully
2026-03-29 01:05:35 [[32minfo[39m]: Firebase Admin initialized
2026-03-29 01:05:35 [[32minfo[39m]: 🚀 CarWash API running on port 3000 [development]
2026-03-29 01:05:35 [[32minfo[39m]: 📍 Health check: http://localhost:3000/health
